<?xml version="1.0" encoding="utf-8"?>
<TestRun id="c5858c0e-caec-4cf8-933b-8f07f1bf2b60" name="@TMacbookPro 2024-04-14 22:00:41" xmlns="http://microsoft.com/schemas/VisualStudio/TeamTest/2010">
  <Times creation="2024-04-14T22:00:41.7400500+03:00" queuing="2024-04-14T22:00:41.7400500+03:00" start="2024-04-14T22:00:41.1533530+03:00" finish="2024-04-14T22:00:41.7517350+03:00" />
  <TestSettings name="default" id="56860b26-541c-448a-9bf3-a3bd6727826f">
    <Deployment runDeploymentRoot="_TMacbookPro_2024-04-14_22_00_41" />
  </TestSettings>
  <Results>
    <UnitTestResult executionId="ba950556-8ea7-418d-a476-68c2f4b13f55" testId="5465c4b9-b29a-2abc-c650-74acd13fd1c8" testName="FluentContracts.Tests.GuidContractTests.Test_Must_NotBe_Throwing_With_Message" computerName="TMacbookPro" duration="00:00:00.0301210" startTime="2024-04-14T22:00:41.6810070+03:00" endTime="2024-04-14T22:00:41.6810070+03:00" testType="13cdc9d9-ddb5-4fa4-a97d-d965ccfc6d4b" outcome="Passed" testListId="8c84fa94-04c1-424b-9868-57a2d4851a1d" relativeResultsDirectory="ba950556-8ea7-418d-a476-68c2f4b13f55" />
    <UnitTestResult executionId="42f7be5d-369a-4c7b-9ec1-bed83accbcc4" testId="1d5ff79c-0d0e-257b-6829-ba1e7d361a54" testName="FluentContracts.Tests.GuidContractTests.Test_Must_Be_Throwing" computerName="TMacbookPro" duration="00:00:00.0002430" startTime="2024-04-14T22:00:41.6989930+03:00" endTime="2024-04-14T22:00:41.6989930+03:00" testType="13cdc9d9-ddb5-4fa4-a97d-d965ccfc6d4b" outcome="Passed" testListId="8c84fa94-04c1-424b-9868-57a2d4851a1d" relativeResultsDirectory="42f7be5d-369a-4c7b-9ec1-bed83accbcc4" />
    <UnitTestResult executionId="3950810b-24e1-421f-8672-9ed62348a967" testId="7f0034c8-2d08-849a-a15f-bd2b95b8734d" testName="FluentContracts.Tests.GuidContractTests.Test_Must_BeEmpty_Throwing" computerName="TMacbookPro" duration="00:00:00.0003440" startTime="2024-04-14T22:00:41.6981910+03:00" endTime="2024-04-14T22:00:41.6981910+03:00" testType="13cdc9d9-ddb5-4fa4-a97d-d965ccfc6d4b" outcome="Passed" testListId="8c84fa94-04c1-424b-9868-57a2d4851a1d" relativeResultsDirectory="3950810b-24e1-421f-8672-9ed62348a967" />
    <UnitTestResult executionId="4570fd67-85d5-49bb-ae1e-09641fbaf28d" testId="f9c36957-94db-1615-6bb6-ddef7e5441a7" testName="FluentContracts.Tests.StringContractTests.Test_Must_NotBeEmpty_Throwing_With_Message" computerName="TMacbookPro" duration="00:00:00.0078389" startTime="2024-04-14T22:00:41.6809820+03:00" endTime="2024-04-14T22:00:41.6809820+03:00" testType="13cdc9d9-ddb5-4fa4-a97d-d965ccfc6d4b" outcome="Passed" testListId="8c84fa94-04c1-424b-9868-57a2d4851a1d" relativeResultsDirectory="4570fd67-85d5-49bb-ae1e-09641fbaf28d" />
    <UnitTestResult executionId="35f0f80c-99cf-41c2-b07a-ba18cb83b509" testId="241cf7db-8cc0-557f-3459-37c62d33d893" testName="FluentContracts.Tests.GuidContractTests.Test_Must_NotBeAnyOf_Throwing_With_Message" computerName="TMacbookPro" duration="00:00:00.0004142" startTime="2024-04-14T22:00:41.6993570+03:00" endTime="2024-04-14T22:00:41.6993570+03:00" testType="13cdc9d9-ddb5-4fa4-a97d-d965ccfc6d4b" outcome="Passed" testListId="8c84fa94-04c1-424b-9868-57a2d4851a1d" relativeResultsDirectory="35f0f80c-99cf-41c2-b07a-ba18cb83b509" />
    <UnitTestResult executionId="8deff784-97c4-47e6-ab32-7bbf0dd6a64e" testId="ece3689f-76f1-96b0-5cff-655e1c0b5819" testName="FluentContracts.Tests.GuidContractTests.Test_Must_NotBeEmpty_Throwing" computerName="TMacbookPro" duration="00:00:00.0002547" startTime="2024-04-14T22:00:41.6982820+03:00" endTime="2024-04-14T22:00:41.6982820+03:00" testType="13cdc9d9-ddb5-4fa4-a97d-d965ccfc6d4b" outcome="Passed" testListId="8c84fa94-04c1-424b-9868-57a2d4851a1d" relativeResultsDirectory="8deff784-97c4-47e6-ab32-7bbf0dd6a64e" />
    <UnitTestResult executionId="27df942c-3a85-4074-87f2-843de01270f1" testId="eb9a2ef8-0d76-6e31-5e91-709cde269b6a" testName="FluentContracts.Tests.StringContractTests.Test_Must_BeNotEmpty_Satisfied" computerName="TMacbookPro" duration="00:00:00.0001058" startTime="2024-04-14T22:00:41.6981110+03:00" endTime="2024-04-14T22:00:41.6981110+03:00" testType="13cdc9d9-ddb5-4fa4-a97d-d965ccfc6d4b" outcome="Passed" testListId="8c84fa94-04c1-424b-9868-57a2d4851a1d" relativeResultsDirectory="27df942c-3a85-4074-87f2-843de01270f1" />
    <UnitTestResult executionId="a9768977-9e11-42a9-a7c1-98cc83953fa1" testId="6c92e8a5-671e-18d5-5925-c69aa9622688" testName="FluentContracts.Tests.StringContractTests.Test_Must_BeAnyOf_Throwing_With_Message" computerName="TMacbookPro" duration="00:00:00.0003403" startTime="2024-04-14T22:00:41.6990320+03:00" endTime="2024-04-14T22:00:41.6990320+03:00" testType="13cdc9d9-ddb5-4fa4-a97d-d965ccfc6d4b" outcome="Passed" testListId="8c84fa94-04c1-424b-9868-57a2d4851a1d" relativeResultsDirectory="a9768977-9e11-42a9-a7c1-98cc83953fa1" />
    <UnitTestResult executionId="d0e02945-3966-4708-873a-0dff463568d9" testId="e424f8e4-3e32-dd5c-ed53-454adc90306c" testName="FluentContracts.Tests.StringContractTests.Test_Must_Be_Satisfied" computerName="TMacbookPro" duration="00:00:00.0000894" startTime="2024-04-14T22:00:41.6990510+03:00" endTime="2024-04-14T22:00:41.6990510+03:00" testType="13cdc9d9-ddb5-4fa4-a97d-d965ccfc6d4b" outcome="Passed" testListId="8c84fa94-04c1-424b-9868-57a2d4851a1d" relativeResultsDirectory="d0e02945-3966-4708-873a-0dff463568d9" />
    <UnitTestResult executionId="b4fce43b-b435-4304-9d6d-d5228b9f439e" testId="b326f550-e3b6-872a-79a1-033d63b352ef" testName="FluentContracts.Tests.GuidContractTests.Test_Must_Be_Throwing_With_Message" computerName="TMacbookPro" duration="00:00:00.0004342" startTime="2024-04-14T22:00:41.6982620+03:00" endTime="2024-04-14T22:00:41.6982620+03:00" testType="13cdc9d9-ddb5-4fa4-a97d-d965ccfc6d4b" outcome="Passed" testListId="8c84fa94-04c1-424b-9868-57a2d4851a1d" relativeResultsDirectory="b4fce43b-b435-4304-9d6d-d5228b9f439e" />
    <UnitTestResult executionId="6b4c1ae9-a239-4226-bff1-52bd384d9c24" testId="9a200d97-45b5-7945-4fcb-62c55f4bf692" testName="FluentContracts.Tests.GuidContractTests.Test_Must_NotBeAnyOf_Satisfied" computerName="TMacbookPro" duration="00:00:00.0091566" startTime="2024-04-14T22:00:41.6544210+03:00" endTime="2024-04-14T22:00:41.6544320+03:00" testType="13cdc9d9-ddb5-4fa4-a97d-d965ccfc6d4b" outcome="Passed" testListId="8c84fa94-04c1-424b-9868-57a2d4851a1d" relativeResultsDirectory="6b4c1ae9-a239-4226-bff1-52bd384d9c24" />
    <UnitTestResult executionId="d58e67b2-f53c-4639-9c2b-a863721428f6" testId="dbba46d5-9491-aa2a-8eb0-33682c232b7e" testName="FluentContracts.Tests.GuidContractTests.Test_Must_BeAnyOf_Satisfied" computerName="TMacbookPro" duration="00:00:00.0001602" startTime="2024-04-14T22:00:41.6992790+03:00" endTime="2024-04-14T22:00:41.6992790+03:00" testType="13cdc9d9-ddb5-4fa4-a97d-d965ccfc6d4b" outcome="Passed" testListId="8c84fa94-04c1-424b-9868-57a2d4851a1d" relativeResultsDirectory="d58e67b2-f53c-4639-9c2b-a863721428f6" />
    <UnitTestResult executionId="ec1e08cc-5c5e-466a-8312-789911d06c11" testId="583fbe6b-0183-9325-0f85-f7270adde7f6" testName="FluentContracts.Tests.StringContractTests.Test_Must_NotBeAnyOf_Satisfied" computerName="TMacbookPro" duration="00:00:00.0003028" startTime="2024-04-14T22:00:41.6989740+03:00" endTime="2024-04-14T22:00:41.6989740+03:00" testType="13cdc9d9-ddb5-4fa4-a97d-d965ccfc6d4b" outcome="Passed" testListId="8c84fa94-04c1-424b-9868-57a2d4851a1d" relativeResultsDirectory="ec1e08cc-5c5e-466a-8312-789911d06c11" />
    <UnitTestResult executionId="715e1810-e00c-48af-ba52-bf1d21738b56" testId="6afe01aa-e75b-73e0-c8f1-561ee8dc90d6" testName="FluentContracts.Tests.GuidContractTests.Test_Must_NotBeAnyOf_Throwing" computerName="TMacbookPro" duration="00:00:00.0002959" startTime="2024-04-14T22:00:41.6995810+03:00" endTime="2024-04-14T22:00:41.6995810+03:00" testType="13cdc9d9-ddb5-4fa4-a97d-d965ccfc6d4b" outcome="Passed" testListId="8c84fa94-04c1-424b-9868-57a2d4851a1d" relativeResultsDirectory="715e1810-e00c-48af-ba52-bf1d21738b56" />
    <UnitTestResult executionId="b6e40d20-0e9c-4898-bcdd-436bcf9cab88" testId="888ce06f-a0e0-de3e-c66d-d5619972b0cc" testName="FluentContracts.Tests.StringContractTests.Test_Must_NotBe_Satisfied" computerName="TMacbookPro" duration="00:00:00.0325644" startTime="2024-04-14T22:00:41.6731100+03:00" endTime="2024-04-14T22:00:41.6731110+03:00" testType="13cdc9d9-ddb5-4fa4-a97d-d965ccfc6d4b" outcome="Passed" testListId="8c84fa94-04c1-424b-9868-57a2d4851a1d" relativeResultsDirectory="b6e40d20-0e9c-4898-bcdd-436bcf9cab88" />
    <UnitTestResult executionId="a1147094-2ce4-4110-b969-175b6766bbbf" testId="731623b5-effc-ae69-0d84-2f978e3f545c" testName="FluentContracts.Tests.GuidContractTests.Test_Must_NotBeEmpty_Throwing_With_Message" computerName="TMacbookPro" duration="00:00:00.0003027" startTime="2024-04-14T22:00:41.6983210+03:00" endTime="2024-04-14T22:00:41.6983210+03:00" testType="13cdc9d9-ddb5-4fa4-a97d-d965ccfc6d4b" outcome="Passed" testListId="8c84fa94-04c1-424b-9868-57a2d4851a1d" relativeResultsDirectory="a1147094-2ce4-4110-b969-175b6766bbbf" />
    <UnitTestResult executionId="60f79392-4946-4fd9-83d9-a209c57a84d0" testId="b81cbf4d-7804-27a1-198a-2111fb6f9b3c" testName="FluentContracts.Tests.GuidContractTests.Test_Must_BeEmpty_Throwing_With_Message" computerName="TMacbookPro" duration="00:00:00.0002914" startTime="2024-04-14T22:00:41.6990710+03:00" endTime="2024-04-14T22:00:41.6990710+03:00" testType="13cdc9d9-ddb5-4fa4-a97d-d965ccfc6d4b" outcome="Passed" testListId="8c84fa94-04c1-424b-9868-57a2d4851a1d" relativeResultsDirectory="60f79392-4946-4fd9-83d9-a209c57a84d0" />
    <UnitTestResult executionId="9e9cf6e6-5317-4a6f-8832-95d743cdec71" testId="7643c545-964d-dd15-0de8-7ca91990d736" testName="FluentContracts.Tests.GuidContractTests.Test_Must_Be_Satisfied" computerName="TMacbookPro" duration="00:00:00.0000976" startTime="2024-04-14T22:00:41.6992980+03:00" endTime="2024-04-14T22:00:41.6992980+03:00" testType="13cdc9d9-ddb5-4fa4-a97d-d965ccfc6d4b" outcome="Passed" testListId="8c84fa94-04c1-424b-9868-57a2d4851a1d" relativeResultsDirectory="9e9cf6e6-5317-4a6f-8832-95d743cdec71" />
    <UnitTestResult executionId="83c90916-9c56-4d6c-aa87-75e4a162d351" testId="414061bd-6702-ebdd-6534-68e97daa5d5d" testName="FluentContracts.Tests.GuidContractTests.Test_Must_NotBeEmpty_Satisfied" computerName="TMacbookPro" duration="00:00:00.0001756" startTime="2024-04-14T22:00:41.6820880+03:00" endTime="2024-04-14T22:00:41.6820880+03:00" testType="13cdc9d9-ddb5-4fa4-a97d-d965ccfc6d4b" outcome="Passed" testListId="8c84fa94-04c1-424b-9868-57a2d4851a1d" relativeResultsDirectory="83c90916-9c56-4d6c-aa87-75e4a162d351" />
    <UnitTestResult executionId="92c813c2-dc28-4095-b194-d6e96d65c2a4" testId="af11a862-e29a-e9c6-9463-0cb6dff7a730" testName="FluentContracts.Tests.StringContractTests.Test_Must_BeAnyOf_Satisfied" computerName="TMacbookPro" duration="00:00:00.0001169" startTime="2024-04-14T22:00:41.6993760+03:00" endTime="2024-04-14T22:00:41.6993760+03:00" testType="13cdc9d9-ddb5-4fa4-a97d-d965ccfc6d4b" outcome="Passed" testListId="8c84fa94-04c1-424b-9868-57a2d4851a1d" relativeResultsDirectory="92c813c2-dc28-4095-b194-d6e96d65c2a4" />
    <UnitTestResult executionId="2bcc938e-7de8-425c-adfe-1a09fb00cc1d" testId="75b2a47c-55fc-abf2-b79d-f0863ebf6103" testName="FluentContracts.Tests.StringContractTests.Test_Must_BeEmpty_Throwing" computerName="TMacbookPro" duration="00:00:00.0005168" startTime="2024-04-14T22:00:41.6815920+03:00" endTime="2024-04-14T22:00:41.6815920+03:00" testType="13cdc9d9-ddb5-4fa4-a97d-d965ccfc6d4b" outcome="Passed" testListId="8c84fa94-04c1-424b-9868-57a2d4851a1d" relativeResultsDirectory="2bcc938e-7de8-425c-adfe-1a09fb00cc1d" />
    <UnitTestResult executionId="eabe272b-b636-4158-b0ab-6b9bf5c57d30" testId="d893576d-8d0d-762f-5345-7a22a992e344" testName="FluentContracts.Tests.StringContractTests.Test_Must_NotBeEmpty_Throwing" computerName="TMacbookPro" duration="00:00:00.0002544" startTime="2024-04-14T22:00:41.6982150+03:00" endTime="2024-04-14T22:00:41.6982150+03:00" testType="13cdc9d9-ddb5-4fa4-a97d-d965ccfc6d4b" outcome="Passed" testListId="8c84fa94-04c1-424b-9868-57a2d4851a1d" relativeResultsDirectory="eabe272b-b636-4158-b0ab-6b9bf5c57d30" />
    <UnitTestResult executionId="eb60414a-2477-4367-93fe-356a838cf048" testId="2c6f0298-c460-d781-6782-b46ee72388bb" testName="FluentContracts.Tests.StringContractTests.Test_Must_NotBeAnyOf_Throwing" computerName="TMacbookPro" duration="00:00:00.0002524" startTime="2024-04-14T22:00:41.6993180+03:00" endTime="2024-04-14T22:00:41.6993180+03:00" testType="13cdc9d9-ddb5-4fa4-a97d-d965ccfc6d4b" outcome="Passed" testListId="8c84fa94-04c1-424b-9868-57a2d4851a1d" relativeResultsDirectory="eb60414a-2477-4367-93fe-356a838cf048" />
    <UnitTestResult executionId="5dced1ca-631b-46a6-9dc2-080b00520cbe" testId="e2efb5e9-b04d-bb83-fd39-c7e6efe4cc22" testName="FluentContracts.Tests.StringContractTests.Test_Must_NotBeAnyOf_Throwing_With_Message" computerName="TMacbookPro" duration="00:00:00.0003503" startTime="2024-04-14T22:00:41.6993370+03:00" endTime="2024-04-14T22:00:41.6993370+03:00" testType="13cdc9d9-ddb5-4fa4-a97d-d965ccfc6d4b" outcome="Passed" testListId="8c84fa94-04c1-424b-9868-57a2d4851a1d" relativeResultsDirectory="5dced1ca-631b-46a6-9dc2-080b00520cbe" />
    <UnitTestResult executionId="8a305de6-a7ff-4fc3-a888-9906441cbbf8" testId="b4d10489-7acc-0636-3b8b-c56095a36d71" testName="FluentContracts.Tests.StringContractTests.Test_Must_Be_Throwing" computerName="TMacbookPro" duration="00:00:00.0003506" startTime="2024-04-14T22:00:41.6982390+03:00" endTime="2024-04-14T22:00:41.6982390+03:00" testType="13cdc9d9-ddb5-4fa4-a97d-d965ccfc6d4b" outcome="Passed" testListId="8c84fa94-04c1-424b-9868-57a2d4851a1d" relativeResultsDirectory="8a305de6-a7ff-4fc3-a888-9906441cbbf8" />
    <UnitTestResult executionId="676c0093-09d9-4310-a630-e3b2b8735a5f" testId="44f6b067-c573-aa4d-fe22-234a49f2e0df" testName="FluentContracts.Tests.StringContractTests.Test_Must_NotBe_Throwing_With_Message" computerName="TMacbookPro" duration="00:00:00.0003833" startTime="2024-04-14T22:00:41.6983020+03:00" endTime="2024-04-14T22:00:41.6983020+03:00" testType="13cdc9d9-ddb5-4fa4-a97d-d965ccfc6d4b" outcome="Passed" testListId="8c84fa94-04c1-424b-9868-57a2d4851a1d" relativeResultsDirectory="676c0093-09d9-4310-a630-e3b2b8735a5f" />
    <UnitTestResult executionId="58a69983-c389-42b5-adfc-1f6ea22e62b9" testId="6b262d1d-5887-77ac-ada0-152d6b32bbaa" testName="FluentContracts.Tests.GuidContractTests.Test_Must_NotBe_Satisfied" computerName="TMacbookPro" duration="00:00:00.0001110" startTime="2024-04-14T22:00:41.6990130+03:00" endTime="2024-04-14T22:00:41.6990130+03:00" testType="13cdc9d9-ddb5-4fa4-a97d-d965ccfc6d4b" outcome="Passed" testListId="8c84fa94-04c1-424b-9868-57a2d4851a1d" relativeResultsDirectory="58a69983-c389-42b5-adfc-1f6ea22e62b9" />
    <UnitTestResult executionId="f1b1d612-8afb-4300-8cff-7135783e7175" testId="f96a967f-1829-6a77-59f9-7c1d7059d4e7" testName="FluentContracts.Tests.StringContractTests.Test_Must_BeEmpty_Satisfied" computerName="TMacbookPro" duration="00:00:00.0000852" startTime="2024-04-14T22:00:41.6995720+03:00" endTime="2024-04-14T22:00:41.6995720+03:00" testType="13cdc9d9-ddb5-4fa4-a97d-d965ccfc6d4b" outcome="Passed" testListId="8c84fa94-04c1-424b-9868-57a2d4851a1d" relativeResultsDirectory="f1b1d612-8afb-4300-8cff-7135783e7175" />
    <UnitTestResult executionId="22bb3d9c-5f6c-4709-a3d7-0d7858eb7797" testId="7bdf59b3-715c-2aec-357e-021afd3682a4" testName="FluentContracts.Tests.GuidContractTests.Test_Must_BeAnyOf_Throwing_With_Message" computerName="TMacbookPro" duration="00:00:00.0008581" startTime="2024-04-14T22:00:41.6818910+03:00" endTime="2024-04-14T22:00:41.6818910+03:00" testType="13cdc9d9-ddb5-4fa4-a97d-d965ccfc6d4b" outcome="Passed" testListId="8c84fa94-04c1-424b-9868-57a2d4851a1d" relativeResultsDirectory="22bb3d9c-5f6c-4709-a3d7-0d7858eb7797" />
    <UnitTestResult executionId="a311e307-8411-4d1b-bddf-05761236991b" testId="1a834c10-fa1a-446d-29ea-96290bdc50f6" testName="FluentContracts.Tests.StringContractTests.Test_Must_Be_Throwing_With_Message" computerName="TMacbookPro" duration="00:00:00.0003029" startTime="2024-04-14T22:00:41.6992590+03:00" endTime="2024-04-14T22:00:41.6992590+03:00" testType="13cdc9d9-ddb5-4fa4-a97d-d965ccfc6d4b" outcome="Passed" testListId="8c84fa94-04c1-424b-9868-57a2d4851a1d" relativeResultsDirectory="a311e307-8411-4d1b-bddf-05761236991b" />
    <UnitTestResult executionId="da5e4b52-dbd5-4895-9cdb-d6a1dbaad8a4" testId="ac0f9918-e475-8197-00f9-4de9fb44b728" testName="FluentContracts.Tests.StringContractTests.Test_Must_NotBe_Throwing" computerName="TMacbookPro" duration="00:00:00.0002477" startTime="2024-04-14T22:00:41.6989270+03:00" endTime="2024-04-14T22:00:41.6989270+03:00" testType="13cdc9d9-ddb5-4fa4-a97d-d965ccfc6d4b" outcome="Passed" testListId="8c84fa94-04c1-424b-9868-57a2d4851a1d" relativeResultsDirectory="da5e4b52-dbd5-4895-9cdb-d6a1dbaad8a4" />
    <UnitTestResult executionId="f99c1d72-01ca-4bb3-94c4-a0522e64fc77" testId="9c43e4ca-8b57-8a3f-d767-23c405dafec5" testName="FluentContracts.Tests.StringContractTests.Test_Must_BeAnyOf_Throwing" computerName="TMacbookPro" duration="00:00:00.0005039" startTime="2024-04-14T22:00:41.6821090+03:00" endTime="2024-04-14T22:00:41.6821090+03:00" testType="13cdc9d9-ddb5-4fa4-a97d-d965ccfc6d4b" outcome="Passed" testListId="8c84fa94-04c1-424b-9868-57a2d4851a1d" relativeResultsDirectory="f99c1d72-01ca-4bb3-94c4-a0522e64fc77" />
    <UnitTestResult executionId="a5bade13-2c78-4c51-8aca-ffced4bdecbc" testId="cb3e60ba-31f1-7059-8910-3e8303d5b151" testName="FluentContracts.Tests.GuidContractTests.Test_Must_NotBe_Throwing" computerName="TMacbookPro" duration="00:00:00.0002485" startTime="2024-04-14T22:00:41.6989530+03:00" endTime="2024-04-14T22:00:41.6989530+03:00" testType="13cdc9d9-ddb5-4fa4-a97d-d965ccfc6d4b" outcome="Passed" testListId="8c84fa94-04c1-424b-9868-57a2d4851a1d" relativeResultsDirectory="a5bade13-2c78-4c51-8aca-ffced4bdecbc" />
    <UnitTestResult executionId="2ed7f9f9-ce5c-4835-9b7c-ce7a5a31eebf" testId="5c5175f5-4760-52b3-c972-f1e82947bcba" testName="FluentContracts.Tests.GuidContractTests.Test_Must_BeEmpty_Satisfied" computerName="TMacbookPro" duration="00:00:00.0000868" startTime="2024-04-14T22:00:41.6992380+03:00" endTime="2024-04-14T22:00:41.6992380+03:00" testType="13cdc9d9-ddb5-4fa4-a97d-d965ccfc6d4b" outcome="Passed" testListId="8c84fa94-04c1-424b-9868-57a2d4851a1d" relativeResultsDirectory="2ed7f9f9-ce5c-4835-9b7c-ce7a5a31eebf" />
    <UnitTestResult executionId="3ce81527-fd8d-4f57-8c00-9f4dd460e66b" testId="5e88c5f3-1b3b-9a29-d1df-b930e077ae18" testName="FluentContracts.Tests.GuidContractTests.Test_Must_BeAnyOf_Throwing" computerName="TMacbookPro" duration="00:00:00.0036481" startTime="2024-04-14T22:00:41.6995310+03:00" endTime="2024-04-14T22:00:41.6995310+03:00" testType="13cdc9d9-ddb5-4fa4-a97d-d965ccfc6d4b" outcome="Passed" testListId="8c84fa94-04c1-424b-9868-57a2d4851a1d" relativeResultsDirectory="3ce81527-fd8d-4f57-8c00-9f4dd460e66b" />
    <UnitTestResult executionId="4b57fa25-5ccc-4a54-82d3-77db6f226b60" testId="7cd3035c-0415-c3bf-0250-d8ad96128ffc" testName="FluentContracts.Tests.StringContractTests.Test_Must_BeEmpty_Throwing_With_Message" computerName="TMacbookPro" duration="00:00:00.0035916" startTime="2024-04-14T22:00:41.6995520+03:00" endTime="2024-04-14T22:00:41.6995520+03:00" testType="13cdc9d9-ddb5-4fa4-a97d-d965ccfc6d4b" outcome="Passed" testListId="8c84fa94-04c1-424b-9868-57a2d4851a1d" relativeResultsDirectory="4b57fa25-5ccc-4a54-82d3-77db6f226b60" />
  </Results>
  <TestDefinitions>
    <UnitTest name="FluentContracts.Tests.StringContractTests.Test_Must_NotBeEmpty_Throwing_With_Message" storage="/users/toto/gh/own/fluentcontracts/tests/fluentcontracts.tests/bin/debug/net8.0/fluentcontracts.tests.dll" id="f9c36957-94db-1615-6bb6-ddef7e5441a7">
      <Execution id="4570fd67-85d5-49bb-ae1e-09641fbaf28d" />
      <TestMethod codeBase="/Users/toto/gh/own/fluentcontracts/tests/FluentContracts.Tests/bin/Debug/net8.0/FluentContracts.Tests.dll" adapterTypeName="executor://xunit/VsTestRunner2/netcoreapp" className="FluentContracts.Tests.StringContractTests" name="Test_Must_NotBeEmpty_Throwing_With_Message" />
    </UnitTest>
    <UnitTest name="FluentContracts.Tests.GuidContractTests.Test_Must_NotBe_Throwing" storage="/users/toto/gh/own/fluentcontracts/tests/fluentcontracts.tests/bin/debug/net8.0/fluentcontracts.tests.dll" id="cb3e60ba-31f1-7059-8910-3e8303d5b151">
      <Execution id="a5bade13-2c78-4c51-8aca-ffced4bdecbc" />
      <TestMethod codeBase="/Users/toto/gh/own/fluentcontracts/tests/FluentContracts.Tests/bin/Debug/net8.0/FluentContracts.Tests.dll" adapterTypeName="executor://xunit/VsTestRunner2/netcoreapp" className="FluentContracts.Tests.GuidContractTests" name="Test_Must_NotBe_Throwing" />
    </UnitTest>
    <UnitTest name="FluentContracts.Tests.StringContractTests.Test_Must_Be_Satisfied" storage="/users/toto/gh/own/fluentcontracts/tests/fluentcontracts.tests/bin/debug/net8.0/fluentcontracts.tests.dll" id="e424f8e4-3e32-dd5c-ed53-454adc90306c">
      <Execution id="d0e02945-3966-4708-873a-0dff463568d9" />
      <TestMethod codeBase="/Users/toto/gh/own/fluentcontracts/tests/FluentContracts.Tests/bin/Debug/net8.0/FluentContracts.Tests.dll" adapterTypeName="executor://xunit/VsTestRunner2/netcoreapp" className="FluentContracts.Tests.StringContractTests" name="Test_Must_Be_Satisfied" />
    </UnitTest>
    <UnitTest name="FluentContracts.Tests.StringContractTests.Test_Must_BeNotEmpty_Satisfied" storage="/users/toto/gh/own/fluentcontracts/tests/fluentcontracts.tests/bin/debug/net8.0/fluentcontracts.tests.dll" id="eb9a2ef8-0d76-6e31-5e91-709cde269b6a">
      <Execution id="27df942c-3a85-4074-87f2-843de01270f1" />
      <TestMethod codeBase="/Users/toto/gh/own/fluentcontracts/tests/FluentContracts.Tests/bin/Debug/net8.0/FluentContracts.Tests.dll" adapterTypeName="executor://xunit/VsTestRunner2/netcoreapp" className="FluentContracts.Tests.StringContractTests" name="Test_Must_BeNotEmpty_Satisfied" />
    </UnitTest>
    <UnitTest name="FluentContracts.Tests.GuidContractTests.Test_Must_BeAnyOf_Satisfied" storage="/users/toto/gh/own/fluentcontracts/tests/fluentcontracts.tests/bin/debug/net8.0/fluentcontracts.tests.dll" id="dbba46d5-9491-aa2a-8eb0-33682c232b7e">
      <Execution id="d58e67b2-f53c-4639-9c2b-a863721428f6" />
      <TestMethod codeBase="/Users/toto/gh/own/fluentcontracts/tests/FluentContracts.Tests/bin/Debug/net8.0/FluentContracts.Tests.dll" adapterTypeName="executor://xunit/VsTestRunner2/netcoreapp" className="FluentContracts.Tests.GuidContractTests" name="Test_Must_BeAnyOf_Satisfied" />
    </UnitTest>
    <UnitTest name="FluentContracts.Tests.StringContractTests.Test_Must_NotBe_Throwing_With_Message" storage="/users/toto/gh/own/fluentcontracts/tests/fluentcontracts.tests/bin/debug/net8.0/fluentcontracts.tests.dll" id="44f6b067-c573-aa4d-fe22-234a49f2e0df">
      <Execution id="676c0093-09d9-4310-a630-e3b2b8735a5f" />
      <TestMethod codeBase="/Users/toto/gh/own/fluentcontracts/tests/FluentContracts.Tests/bin/Debug/net8.0/FluentContracts.Tests.dll" adapterTypeName="executor://xunit/VsTestRunner2/netcoreapp" className="FluentContracts.Tests.StringContractTests" name="Test_Must_NotBe_Throwing_With_Message" />
    </UnitTest>
    <UnitTest name="FluentContracts.Tests.GuidContractTests.Test_Must_Be_Throwing_With_Message" storage="/users/toto/gh/own/fluentcontracts/tests/fluentcontracts.tests/bin/debug/net8.0/fluentcontracts.tests.dll" id="b326f550-e3b6-872a-79a1-033d63b352ef">
      <Execution id="b4fce43b-b435-4304-9d6d-d5228b9f439e" />
      <TestMethod codeBase="/Users/toto/gh/own/fluentcontracts/tests/FluentContracts.Tests/bin/Debug/net8.0/FluentContracts.Tests.dll" adapterTypeName="executor://xunit/VsTestRunner2/netcoreapp" className="FluentContracts.Tests.GuidContractTests" name="Test_Must_Be_Throwing_With_Message" />
    </UnitTest>
    <UnitTest name="FluentContracts.Tests.StringContractTests.Test_Must_NotBe_Satisfied" storage="/users/toto/gh/own/fluentcontracts/tests/fluentcontracts.tests/bin/debug/net8.0/fluentcontracts.tests.dll" id="888ce06f-a0e0-de3e-c66d-d5619972b0cc">
      <Execution id="b6e40d20-0e9c-4898-bcdd-436bcf9cab88" />
      <TestMethod codeBase="/Users/toto/gh/own/fluentcontracts/tests/FluentContracts.Tests/bin/Debug/net8.0/FluentContracts.Tests.dll" adapterTypeName="executor://xunit/VsTestRunner2/netcoreapp" className="FluentContracts.Tests.StringContractTests" name="Test_Must_NotBe_Satisfied" />
    </UnitTest>
    <UnitTest name="FluentContracts.Tests.StringContractTests.Test_Must_NotBeAnyOf_Throwing" storage="/users/toto/gh/own/fluentcontracts/tests/fluentcontracts.tests/bin/debug/net8.0/fluentcontracts.tests.dll" id="2c6f0298-c460-d781-6782-b46ee72388bb">
      <Execution id="eb60414a-2477-4367-93fe-356a838cf048" />
      <TestMethod codeBase="/Users/toto/gh/own/fluentcontracts/tests/FluentContracts.Tests/bin/Debug/net8.0/FluentContracts.Tests.dll" adapterTypeName="executor://xunit/VsTestRunner2/netcoreapp" className="FluentContracts.Tests.StringContractTests" name="Test_Must_NotBeAnyOf_Throwing" />
    </UnitTest>
    <UnitTest name="FluentContracts.Tests.GuidContractTests.Test_Must_BeEmpty_Throwing_With_Message" storage="/users/toto/gh/own/fluentcontracts/tests/fluentcontracts.tests/bin/debug/net8.0/fluentcontracts.tests.dll" id="b81cbf4d-7804-27a1-198a-2111fb6f9b3c">
      <Execution id="60f79392-4946-4fd9-83d9-a209c57a84d0" />
      <TestMethod codeBase="/Users/toto/gh/own/fluentcontracts/tests/FluentContracts.Tests/bin/Debug/net8.0/FluentContracts.Tests.dll" adapterTypeName="executor://xunit/VsTestRunner2/netcoreapp" className="FluentContracts.Tests.GuidContractTests" name="Test_Must_BeEmpty_Throwing_With_Message" />
    </UnitTest>
    <UnitTest name="FluentContracts.Tests.GuidContractTests.Test_Must_NotBe_Throwing_With_Message" storage="/users/toto/gh/own/fluentcontracts/tests/fluentcontracts.tests/bin/debug/net8.0/fluentcontracts.tests.dll" id="5465c4b9-b29a-2abc-c650-74acd13fd1c8">
      <Execution id="ba950556-8ea7-418d-a476-68c2f4b13f55" />
      <TestMethod codeBase="/Users/toto/gh/own/fluentcontracts/tests/FluentContracts.Tests/bin/Debug/net8.0/FluentContracts.Tests.dll" adapterTypeName="executor://xunit/VsTestRunner2/netcoreapp" className="FluentContracts.Tests.GuidContractTests" name="Test_Must_NotBe_Throwing_With_Message" />
    </UnitTest>
    <UnitTest name="FluentContracts.Tests.GuidContractTests.Test_Must_BeAnyOf_Throwing" storage="/users/toto/gh/own/fluentcontracts/tests/fluentcontracts.tests/bin/debug/net8.0/fluentcontracts.tests.dll" id="5e88c5f3-1b3b-9a29-d1df-b930e077ae18">
      <Execution id="3ce81527-fd8d-4f57-8c00-9f4dd460e66b" />
      <TestMethod codeBase="/Users/toto/gh/own/fluentcontracts/tests/FluentContracts.Tests/bin/Debug/net8.0/FluentContracts.Tests.dll" adapterTypeName="executor://xunit/VsTestRunner2/netcoreapp" className="FluentContracts.Tests.GuidContractTests" name="Test_Must_BeAnyOf_Throwing" />
    </UnitTest>
    <UnitTest name="FluentContracts.Tests.StringContractTests.Test_Must_BeEmpty_Throwing" storage="/users/toto/gh/own/fluentcontracts/tests/fluentcontracts.tests/bin/debug/net8.0/fluentcontracts.tests.dll" id="75b2a47c-55fc-abf2-b79d-f0863ebf6103">
      <Execution id="2bcc938e-7de8-425c-adfe-1a09fb00cc1d" />
      <TestMethod codeBase="/Users/toto/gh/own/fluentcontracts/tests/FluentContracts.Tests/bin/Debug/net8.0/FluentContracts.Tests.dll" adapterTypeName="executor://xunit/VsTestRunner2/netcoreapp" className="FluentContracts.Tests.StringContractTests" name="Test_Must_BeEmpty_Throwing" />
    </UnitTest>
    <UnitTest name="FluentContracts.Tests.GuidContractTests.Test_Must_Be_Satisfied" storage="/users/toto/gh/own/fluentcontracts/tests/fluentcontracts.tests/bin/debug/net8.0/fluentcontracts.tests.dll" id="7643c545-964d-dd15-0de8-7ca91990d736">
      <Execution id="9e9cf6e6-5317-4a6f-8832-95d743cdec71" />
      <TestMethod codeBase="/Users/toto/gh/own/fluentcontracts/tests/FluentContracts.Tests/bin/Debug/net8.0/FluentContracts.Tests.dll" adapterTypeName="executor://xunit/VsTestRunner2/netcoreapp" className="FluentContracts.Tests.GuidContractTests" name="Test_Must_Be_Satisfied" />
    </UnitTest>
    <UnitTest name="FluentContracts.Tests.GuidContractTests.Test_Must_NotBeAnyOf_Throwing" storage="/users/toto/gh/own/fluentcontracts/tests/fluentcontracts.tests/bin/debug/net8.0/fluentcontracts.tests.dll" id="6afe01aa-e75b-73e0-c8f1-561ee8dc90d6">
      <Execution id="715e1810-e00c-48af-ba52-bf1d21738b56" />
      <TestMethod codeBase="/Users/toto/gh/own/fluentcontracts/tests/FluentContracts.Tests/bin/Debug/net8.0/FluentContracts.Tests.dll" adapterTypeName="executor://xunit/VsTestRunner2/netcoreapp" className="FluentContracts.Tests.GuidContractTests" name="Test_Must_NotBeAnyOf_Throwing" />
    </UnitTest>
    <UnitTest name="FluentContracts.Tests.GuidContractTests.Test_Must_NotBe_Satisfied" storage="/users/toto/gh/own/fluentcontracts/tests/fluentcontracts.tests/bin/debug/net8.0/fluentcontracts.tests.dll" id="6b262d1d-5887-77ac-ada0-152d6b32bbaa">
      <Execution id="58a69983-c389-42b5-adfc-1f6ea22e62b9" />
      <TestMethod codeBase="/Users/toto/gh/own/fluentcontracts/tests/FluentContracts.Tests/bin/Debug/net8.0/FluentContracts.Tests.dll" adapterTypeName="executor://xunit/VsTestRunner2/netcoreapp" className="FluentContracts.Tests.GuidContractTests" name="Test_Must_NotBe_Satisfied" />
    </UnitTest>
    <UnitTest name="FluentContracts.Tests.StringContractTests.Test_Must_NotBeEmpty_Throwing" storage="/users/toto/gh/own/fluentcontracts/tests/fluentcontracts.tests/bin/debug/net8.0/fluentcontracts.tests.dll" id="d893576d-8d0d-762f-5345-7a22a992e344">
      <Execution id="eabe272b-b636-4158-b0ab-6b9bf5c57d30" />
      <TestMethod codeBase="/Users/toto/gh/own/fluentcontracts/tests/FluentContracts.Tests/bin/Debug/net8.0/FluentContracts.Tests.dll" adapterTypeName="executor://xunit/VsTestRunner2/netcoreapp" className="FluentContracts.Tests.StringContractTests" name="Test_Must_NotBeEmpty_Throwing" />
    </UnitTest>
    <UnitTest name="FluentContracts.Tests.StringContractTests.Test_Must_NotBeAnyOf_Throwing_With_Message" storage="/users/toto/gh/own/fluentcontracts/tests/fluentcontracts.tests/bin/debug/net8.0/fluentcontracts.tests.dll" id="e2efb5e9-b04d-bb83-fd39-c7e6efe4cc22">
      <Execution id="5dced1ca-631b-46a6-9dc2-080b00520cbe" />
      <TestMethod codeBase="/Users/toto/gh/own/fluentcontracts/tests/FluentContracts.Tests/bin/Debug/net8.0/FluentContracts.Tests.dll" adapterTypeName="executor://xunit/VsTestRunner2/netcoreapp" className="FluentContracts.Tests.StringContractTests" name="Test_Must_NotBeAnyOf_Throwing_With_Message" />
    </UnitTest>
    <UnitTest name="FluentContracts.Tests.GuidContractTests.Test_Must_BeEmpty_Satisfied" storage="/users/toto/gh/own/fluentcontracts/tests/fluentcontracts.tests/bin/debug/net8.0/fluentcontracts.tests.dll" id="5c5175f5-4760-52b3-c972-f1e82947bcba">
      <Execution id="2ed7f9f9-ce5c-4835-9b7c-ce7a5a31eebf" />
      <TestMethod codeBase="/Users/toto/gh/own/fluentcontracts/tests/FluentContracts.Tests/bin/Debug/net8.0/FluentContracts.Tests.dll" adapterTypeName="executor://xunit/VsTestRunner2/netcoreapp" className="FluentContracts.Tests.GuidContractTests" name="Test_Must_BeEmpty_Satisfied" />
    </UnitTest>
    <UnitTest name="FluentContracts.Tests.StringContractTests.Test_Must_BeEmpty_Satisfied" storage="/users/toto/gh/own/fluentcontracts/tests/fluentcontracts.tests/bin/debug/net8.0/fluentcontracts.tests.dll" id="f96a967f-1829-6a77-59f9-7c1d7059d4e7">
      <Execution id="f1b1d612-8afb-4300-8cff-7135783e7175" />
      <TestMethod codeBase="/Users/toto/gh/own/fluentcontracts/tests/FluentContracts.Tests/bin/Debug/net8.0/FluentContracts.Tests.dll" adapterTypeName="executor://xunit/VsTestRunner2/netcoreapp" className="FluentContracts.Tests.StringContractTests" name="Test_Must_BeEmpty_Satisfied" />
    </UnitTest>
    <UnitTest name="FluentContracts.Tests.GuidContractTests.Test_Must_NotBeAnyOf_Satisfied" storage="/users/toto/gh/own/fluentcontracts/tests/fluentcontracts.tests/bin/debug/net8.0/fluentcontracts.tests.dll" id="9a200d97-45b5-7945-4fcb-62c55f4bf692">
      <Execution id="6b4c1ae9-a239-4226-bff1-52bd384d9c24" />
      <TestMethod codeBase="/Users/toto/gh/own/fluentcontracts/tests/FluentContracts.Tests/bin/Debug/net8.0/FluentContracts.Tests.dll" adapterTypeName="executor://xunit/VsTestRunner2/netcoreapp" className="FluentContracts.Tests.GuidContractTests" name="Test_Must_NotBeAnyOf_Satisfied" />
    </UnitTest>
    <UnitTest name="FluentContracts.Tests.GuidContractTests.Test_Must_BeEmpty_Throwing" storage="/users/toto/gh/own/fluentcontracts/tests/fluentcontracts.tests/bin/debug/net8.0/fluentcontracts.tests.dll" id="7f0034c8-2d08-849a-a15f-bd2b95b8734d">
      <Execution id="3950810b-24e1-421f-8672-9ed62348a967" />
      <TestMethod codeBase="/Users/toto/gh/own/fluentcontracts/tests/FluentContracts.Tests/bin/Debug/net8.0/FluentContracts.Tests.dll" adapterTypeName="executor://xunit/VsTestRunner2/netcoreapp" className="FluentContracts.Tests.GuidContractTests" name="Test_Must_BeEmpty_Throwing" />
    </UnitTest>
    <UnitTest name="FluentContracts.Tests.GuidContractTests.Test_Must_BeAnyOf_Throwing_With_Message" storage="/users/toto/gh/own/fluentcontracts/tests/fluentcontracts.tests/bin/debug/net8.0/fluentcontracts.tests.dll" id="7bdf59b3-715c-2aec-357e-021afd3682a4">
      <Execution id="22bb3d9c-5f6c-4709-a3d7-0d7858eb7797" />
      <TestMethod codeBase="/Users/toto/gh/own/fluentcontracts/tests/FluentContracts.Tests/bin/Debug/net8.0/FluentContracts.Tests.dll" adapterTypeName="executor://xunit/VsTestRunner2/netcoreapp" className="FluentContracts.Tests.GuidContractTests" name="Test_Must_BeAnyOf_Throwing_With_Message" />
    </UnitTest>
    <UnitTest name="FluentContracts.Tests.StringContractTests.Test_Must_Be_Throwing" storage="/users/toto/gh/own/fluentcontracts/tests/fluentcontracts.tests/bin/debug/net8.0/fluentcontracts.tests.dll" id="b4d10489-7acc-0636-3b8b-c56095a36d71">
      <Execution id="8a305de6-a7ff-4fc3-a888-9906441cbbf8" />
      <TestMethod codeBase="/Users/toto/gh/own/fluentcontracts/tests/FluentContracts.Tests/bin/Debug/net8.0/FluentContracts.Tests.dll" adapterTypeName="executor://xunit/VsTestRunner2/netcoreapp" className="FluentContracts.Tests.StringContractTests" name="Test_Must_Be_Throwing" />
    </UnitTest>
    <UnitTest name="FluentContracts.Tests.StringContractTests.Test_Must_BeAnyOf_Throwing_With_Message" storage="/users/toto/gh/own/fluentcontracts/tests/fluentcontracts.tests/bin/debug/net8.0/fluentcontracts.tests.dll" id="6c92e8a5-671e-18d5-5925-c69aa9622688">
      <Execution id="a9768977-9e11-42a9-a7c1-98cc83953fa1" />
      <TestMethod codeBase="/Users/toto/gh/own/fluentcontracts/tests/FluentContracts.Tests/bin/Debug/net8.0/FluentContracts.Tests.dll" adapterTypeName="executor://xunit/VsTestRunner2/netcoreapp" className="FluentContracts.Tests.StringContractTests" name="Test_Must_BeAnyOf_Throwing_With_Message" />
    </UnitTest>
    <UnitTest name="FluentContracts.Tests.StringContractTests.Test_Must_BeAnyOf_Satisfied" storage="/users/toto/gh/own/fluentcontracts/tests/fluentcontracts.tests/bin/debug/net8.0/fluentcontracts.tests.dll" id="af11a862-e29a-e9c6-9463-0cb6dff7a730">
      <Execution id="92c813c2-dc28-4095-b194-d6e96d65c2a4" />
      <TestMethod codeBase="/Users/toto/gh/own/fluentcontracts/tests/FluentContracts.Tests/bin/Debug/net8.0/FluentContracts.Tests.dll" adapterTypeName="executor://xunit/VsTestRunner2/netcoreapp" className="FluentContracts.Tests.StringContractTests" name="Test_Must_BeAnyOf_Satisfied" />
    </UnitTest>
    <UnitTest name="FluentContracts.Tests.GuidContractTests.Test_Must_Be_Throwing" storage="/users/toto/gh/own/fluentcontracts/tests/fluentcontracts.tests/bin/debug/net8.0/fluentcontracts.tests.dll" id="1d5ff79c-0d0e-257b-6829-ba1e7d361a54">
      <Execution id="42f7be5d-369a-4c7b-9ec1-bed83accbcc4" />
      <TestMethod codeBase="/Users/toto/gh/own/fluentcontracts/tests/FluentContracts.Tests/bin/Debug/net8.0/FluentContracts.Tests.dll" adapterTypeName="executor://xunit/VsTestRunner2/netcoreapp" className="FluentContracts.Tests.GuidContractTests" name="Test_Must_Be_Throwing" />
    </UnitTest>
    <UnitTest name="FluentContracts.Tests.StringContractTests.Test_Must_NotBe_Throwing" storage="/users/toto/gh/own/fluentcontracts/tests/fluentcontracts.tests/bin/debug/net8.0/fluentcontracts.tests.dll" id="ac0f9918-e475-8197-00f9-4de9fb44b728">
      <Execution id="da5e4b52-dbd5-4895-9cdb-d6a1dbaad8a4" />
      <TestMethod codeBase="/Users/toto/gh/own/fluentcontracts/tests/FluentContracts.Tests/bin/Debug/net8.0/FluentContracts.Tests.dll" adapterTypeName="executor://xunit/VsTestRunner2/netcoreapp" className="FluentContracts.Tests.StringContractTests" name="Test_Must_NotBe_Throwing" />
    </UnitTest>
    <UnitTest name="FluentContracts.Tests.StringContractTests.Test_Must_Be_Throwing_With_Message" storage="/users/toto/gh/own/fluentcontracts/tests/fluentcontracts.tests/bin/debug/net8.0/fluentcontracts.tests.dll" id="1a834c10-fa1a-446d-29ea-96290bdc50f6">
      <Execution id="a311e307-8411-4d1b-bddf-05761236991b" />
      <TestMethod codeBase="/Users/toto/gh/own/fluentcontracts/tests/FluentContracts.Tests/bin/Debug/net8.0/FluentContracts.Tests.dll" adapterTypeName="executor://xunit/VsTestRunner2/netcoreapp" className="FluentContracts.Tests.StringContractTests" name="Test_Must_Be_Throwing_With_Message" />
    </UnitTest>
    <UnitTest name="FluentContracts.Tests.GuidContractTests.Test_Must_NotBeEmpty_Satisfied" storage="/users/toto/gh/own/fluentcontracts/tests/fluentcontracts.tests/bin/debug/net8.0/fluentcontracts.tests.dll" id="414061bd-6702-ebdd-6534-68e97daa5d5d">
      <Execution id="83c90916-9c56-4d6c-aa87-75e4a162d351" />
      <TestMethod codeBase="/Users/toto/gh/own/fluentcontracts/tests/FluentContracts.Tests/bin/Debug/net8.0/FluentContracts.Tests.dll" adapterTypeName="executor://xunit/VsTestRunner2/netcoreapp" className="FluentContracts.Tests.GuidContractTests" name="Test_Must_NotBeEmpty_Satisfied" />
    </UnitTest>
    <UnitTest name="FluentContracts.Tests.StringContractTests.Test_Must_BeAnyOf_Throwing" storage="/users/toto/gh/own/fluentcontracts/tests/fluentcontracts.tests/bin/debug/net8.0/fluentcontracts.tests.dll" id="9c43e4ca-8b57-8a3f-d767-23c405dafec5">
      <Execution id="f99c1d72-01ca-4bb3-94c4-a0522e64fc77" />
      <TestMethod codeBase="/Users/toto/gh/own/fluentcontracts/tests/FluentContracts.Tests/bin/Debug/net8.0/FluentContracts.Tests.dll" adapterTypeName="executor://xunit/VsTestRunner2/netcoreapp" className="FluentContracts.Tests.StringContractTests" name="Test_Must_BeAnyOf_Throwing" />
    </UnitTest>
    <UnitTest name="FluentContracts.Tests.StringContractTests.Test_Must_BeEmpty_Throwing_With_Message" storage="/users/toto/gh/own/fluentcontracts/tests/fluentcontracts.tests/bin/debug/net8.0/fluentcontracts.tests.dll" id="7cd3035c-0415-c3bf-0250-d8ad96128ffc">
      <Execution id="4b57fa25-5ccc-4a54-82d3-77db6f226b60" />
      <TestMethod codeBase="/Users/toto/gh/own/fluentcontracts/tests/FluentContracts.Tests/bin/Debug/net8.0/FluentContracts.Tests.dll" adapterTypeName="executor://xunit/VsTestRunner2/netcoreapp" className="FluentContracts.Tests.StringContractTests" name="Test_Must_BeEmpty_Throwing_With_Message" />
    </UnitTest>
    <UnitTest name="FluentContracts.Tests.GuidContractTests.Test_Must_NotBeAnyOf_Throwing_With_Message" storage="/users/toto/gh/own/fluentcontracts/tests/fluentcontracts.tests/bin/debug/net8.0/fluentcontracts.tests.dll" id="241cf7db-8cc0-557f-3459-37c62d33d893">
      <Execution id="35f0f80c-99cf-41c2-b07a-ba18cb83b509" />
      <TestMethod codeBase="/Users/toto/gh/own/fluentcontracts/tests/FluentContracts.Tests/bin/Debug/net8.0/FluentContracts.Tests.dll" adapterTypeName="executor://xunit/VsTestRunner2/netcoreapp" className="FluentContracts.Tests.GuidContractTests" name="Test_Must_NotBeAnyOf_Throwing_With_Message" />
    </UnitTest>
    <UnitTest name="FluentContracts.Tests.StringContractTests.Test_Must_NotBeAnyOf_Satisfied" storage="/users/toto/gh/own/fluentcontracts/tests/fluentcontracts.tests/bin/debug/net8.0/fluentcontracts.tests.dll" id="583fbe6b-0183-9325-0f85-f7270adde7f6">
      <Execution id="ec1e08cc-5c5e-466a-8312-789911d06c11" />
      <TestMethod codeBase="/Users/toto/gh/own/fluentcontracts/tests/FluentContracts.Tests/bin/Debug/net8.0/FluentContracts.Tests.dll" adapterTypeName="executor://xunit/VsTestRunner2/netcoreapp" className="FluentContracts.Tests.StringContractTests" name="Test_Must_NotBeAnyOf_Satisfied" />
    </UnitTest>
    <UnitTest name="FluentContracts.Tests.GuidContractTests.Test_Must_NotBeEmpty_Throwing" storage="/users/toto/gh/own/fluentcontracts/tests/fluentcontracts.tests/bin/debug/net8.0/fluentcontracts.tests.dll" id="ece3689f-76f1-96b0-5cff-655e1c0b5819">
      <Execution id="8deff784-97c4-47e6-ab32-7bbf0dd6a64e" />
      <TestMethod codeBase="/Users/toto/gh/own/fluentcontracts/tests/FluentContracts.Tests/bin/Debug/net8.0/FluentContracts.Tests.dll" adapterTypeName="executor://xunit/VsTestRunner2/netcoreapp" className="FluentContracts.Tests.GuidContractTests" name="Test_Must_NotBeEmpty_Throwing" />
    </UnitTest>
    <UnitTest name="FluentContracts.Tests.GuidContractTests.Test_Must_NotBeEmpty_Throwing_With_Message" storage="/users/toto/gh/own/fluentcontracts/tests/fluentcontracts.tests/bin/debug/net8.0/fluentcontracts.tests.dll" id="731623b5-effc-ae69-0d84-2f978e3f545c">
      <Execution id="a1147094-2ce4-4110-b969-175b6766bbbf" />
      <TestMethod codeBase="/Users/toto/gh/own/fluentcontracts/tests/FluentContracts.Tests/bin/Debug/net8.0/FluentContracts.Tests.dll" adapterTypeName="executor://xunit/VsTestRunner2/netcoreapp" className="FluentContracts.Tests.GuidContractTests" name="Test_Must_NotBeEmpty_Throwing_With_Message" />
    </UnitTest>
  </TestDefinitions>
  <TestEntries>
    <TestEntry testId="5465c4b9-b29a-2abc-c650-74acd13fd1c8" executionId="ba950556-8ea7-418d-a476-68c2f4b13f55" testListId="8c84fa94-04c1-424b-9868-57a2d4851a1d" />
    <TestEntry testId="1d5ff79c-0d0e-257b-6829-ba1e7d361a54" executionId="42f7be5d-369a-4c7b-9ec1-bed83accbcc4" testListId="8c84fa94-04c1-424b-9868-57a2d4851a1d" />
    <TestEntry testId="7f0034c8-2d08-849a-a15f-bd2b95b8734d" executionId="3950810b-24e1-421f-8672-9ed62348a967" testListId="8c84fa94-04c1-424b-9868-57a2d4851a1d" />
    <TestEntry testId="f9c36957-94db-1615-6bb6-ddef7e5441a7" executionId="4570fd67-85d5-49bb-ae1e-09641fbaf28d" testListId="8c84fa94-04c1-424b-9868-57a2d4851a1d" />
    <TestEntry testId="241cf7db-8cc0-557f-3459-37c62d33d893" executionId="35f0f80c-99cf-41c2-b07a-ba18cb83b509" testListId="8c84fa94-04c1-424b-9868-57a2d4851a1d" />
    <TestEntry testId="ece3689f-76f1-96b0-5cff-655e1c0b5819" executionId="8deff784-97c4-47e6-ab32-7bbf0dd6a64e" testListId="8c84fa94-04c1-424b-9868-57a2d4851a1d" />
    <TestEntry testId="eb9a2ef8-0d76-6e31-5e91-709cde269b6a" executionId="27df942c-3a85-4074-87f2-843de01270f1" testListId="8c84fa94-04c1-424b-9868-57a2d4851a1d" />
    <TestEntry testId="6c92e8a5-671e-18d5-5925-c69aa9622688" executionId="a9768977-9e11-42a9-a7c1-98cc83953fa1" testListId="8c84fa94-04c1-424b-9868-57a2d4851a1d" />
    <TestEntry testId="e424f8e4-3e32-dd5c-ed53-454adc90306c" executionId="d0e02945-3966-4708-873a-0dff463568d9" testListId="8c84fa94-04c1-424b-9868-57a2d4851a1d" />
    <TestEntry testId="b326f550-e3b6-872a-79a1-033d63b352ef" executionId="b4fce43b-b435-4304-9d6d-d5228b9f439e" testListId="8c84fa94-04c1-424b-9868-57a2d4851a1d" />
    <TestEntry testId="9a200d97-45b5-7945-4fcb-62c55f4bf692" executionId="6b4c1ae9-a239-4226-bff1-52bd384d9c24" testListId="8c84fa94-04c1-424b-9868-57a2d4851a1d" />
    <TestEntry testId="dbba46d5-9491-aa2a-8eb0-33682c232b7e" executionId="d58e67b2-f53c-4639-9c2b-a863721428f6" testListId="8c84fa94-04c1-424b-9868-57a2d4851a1d" />
    <TestEntry testId="583fbe6b-0183-9325-0f85-f7270adde7f6" executionId="ec1e08cc-5c5e-466a-8312-789911d06c11" testListId="8c84fa94-04c1-424b-9868-57a2d4851a1d" />
    <TestEntry testId="6afe01aa-e75b-73e0-c8f1-561ee8dc90d6" executionId="715e1810-e00c-48af-ba52-bf1d21738b56" testListId="8c84fa94-04c1-424b-9868-57a2d4851a1d" />
    <TestEntry testId="888ce06f-a0e0-de3e-c66d-d5619972b0cc" executionId="b6e40d20-0e9c-4898-bcdd-436bcf9cab88" testListId="8c84fa94-04c1-424b-9868-57a2d4851a1d" />
    <TestEntry testId="731623b5-effc-ae69-0d84-2f978e3f545c" executionId="a1147094-2ce4-4110-b969-175b6766bbbf" testListId="8c84fa94-04c1-424b-9868-57a2d4851a1d" />
    <TestEntry testId="b81cbf4d-7804-27a1-198a-2111fb6f9b3c" executionId="60f79392-4946-4fd9-83d9-a209c57a84d0" testListId="8c84fa94-04c1-424b-9868-57a2d4851a1d" />
    <TestEntry testId="7643c545-964d-dd15-0de8-7ca91990d736" executionId="9e9cf6e6-5317-4a6f-8832-95d743cdec71" testListId="8c84fa94-04c1-424b-9868-57a2d4851a1d" />
    <TestEntry testId="414061bd-6702-ebdd-6534-68e97daa5d5d" executionId="83c90916-9c56-4d6c-aa87-75e4a162d351" testListId="8c84fa94-04c1-424b-9868-57a2d4851a1d" />
    <TestEntry testId="af11a862-e29a-e9c6-9463-0cb6dff7a730" executionId="92c813c2-dc28-4095-b194-d6e96d65c2a4" testListId="8c84fa94-04c1-424b-9868-57a2d4851a1d" />
    <TestEntry testId="75b2a47c-55fc-abf2-b79d-f0863ebf6103" executionId="2bcc938e-7de8-425c-adfe-1a09fb00cc1d" testListId="8c84fa94-04c1-424b-9868-57a2d4851a1d" />
    <TestEntry testId="d893576d-8d0d-762f-5345-7a22a992e344" executionId="eabe272b-b636-4158-b0ab-6b9bf5c57d30" testListId="8c84fa94-04c1-424b-9868-57a2d4851a1d" />
    <TestEntry testId="2c6f0298-c460-d781-6782-b46ee72388bb" executionId="eb60414a-2477-4367-93fe-356a838cf048" testListId="8c84fa94-04c1-424b-9868-57a2d4851a1d" />
    <TestEntry testId="e2efb5e9-b04d-bb83-fd39-c7e6efe4cc22" executionId="5dced1ca-631b-46a6-9dc2-080b00520cbe" testListId="8c84fa94-04c1-424b-9868-57a2d4851a1d" />
    <TestEntry testId="b4d10489-7acc-0636-3b8b-c56095a36d71" executionId="8a305de6-a7ff-4fc3-a888-9906441cbbf8" testListId="8c84fa94-04c1-424b-9868-57a2d4851a1d" />
    <TestEntry testId="44f6b067-c573-aa4d-fe22-234a49f2e0df" executionId="676c0093-09d9-4310-a630-e3b2b8735a5f" testListId="8c84fa94-04c1-424b-9868-57a2d4851a1d" />
    <TestEntry testId="6b262d1d-5887-77ac-ada0-152d6b32bbaa" executionId="58a69983-c389-42b5-adfc-1f6ea22e62b9" testListId="8c84fa94-04c1-424b-9868-57a2d4851a1d" />
    <TestEntry testId="f96a967f-1829-6a77-59f9-7c1d7059d4e7" executionId="f1b1d612-8afb-4300-8cff-7135783e7175" testListId="8c84fa94-04c1-424b-9868-57a2d4851a1d" />
    <TestEntry testId="7bdf59b3-715c-2aec-357e-021afd3682a4" executionId="22bb3d9c-5f6c-4709-a3d7-0d7858eb7797" testListId="8c84fa94-04c1-424b-9868-57a2d4851a1d" />
    <TestEntry testId="1a834c10-fa1a-446d-29ea-96290bdc50f6" executionId="a311e307-8411-4d1b-bddf-05761236991b" testListId="8c84fa94-04c1-424b-9868-57a2d4851a1d" />
    <TestEntry testId="ac0f9918-e475-8197-00f9-4de9fb44b728" executionId="da5e4b52-dbd5-4895-9cdb-d6a1dbaad8a4" testListId="8c84fa94-04c1-424b-9868-57a2d4851a1d" />
    <TestEntry testId="9c43e4ca-8b57-8a3f-d767-23c405dafec5" executionId="f99c1d72-01ca-4bb3-94c4-a0522e64fc77" testListId="8c84fa94-04c1-424b-9868-57a2d4851a1d" />
    <TestEntry testId="cb3e60ba-31f1-7059-8910-3e8303d5b151" executionId="a5bade13-2c78-4c51-8aca-ffced4bdecbc" testListId="8c84fa94-04c1-424b-9868-57a2d4851a1d" />
    <TestEntry testId="5c5175f5-4760-52b3-c972-f1e82947bcba" executionId="2ed7f9f9-ce5c-4835-9b7c-ce7a5a31eebf" testListId="8c84fa94-04c1-424b-9868-57a2d4851a1d" />
    <TestEntry testId="5e88c5f3-1b3b-9a29-d1df-b930e077ae18" executionId="3ce81527-fd8d-4f57-8c00-9f4dd460e66b" testListId="8c84fa94-04c1-424b-9868-57a2d4851a1d" />
    <TestEntry testId="7cd3035c-0415-c3bf-0250-d8ad96128ffc" executionId="4b57fa25-5ccc-4a54-82d3-77db6f226b60" testListId="8c84fa94-04c1-424b-9868-57a2d4851a1d" />
  </TestEntries>
  <TestLists>
    <TestList name="Results Not in a List" id="8c84fa94-04c1-424b-9868-57a2d4851a1d" />
    <TestList name="All Loaded Results" id="19431567-8539-422a-85d7-44ee4e166bda" />
  </TestLists>
  <ResultSummary outcome="Completed">
    <Counters total="36" executed="36" passed="36" failed="0" error="0" timeout="0" aborted="0" inconclusive="0" passedButRunAborted="0" notRunnable="0" notExecuted="0" disconnected="0" warning="0" completed="0" inProgress="0" pending="0" />
    <Output>
      <StdOut>[xUnit.net 00:00:00.00] xUnit.net VSTest Adapter v2.5.8+bd6d97b49a (64-bit .NET 8.0.3)
[xUnit.net 00:00:00.04]   Discovering: FluentContracts.Tests
[xUnit.net 00:00:00.06]   Discovered:  FluentContracts.Tests
[xUnit.net 00:00:00.06]   Starting:    FluentContracts.Tests
[xUnit.net 00:00:00.14]   Finished:    FluentContracts.Tests
</StdOut>
    </Output>
  </ResultSummary>
</TestRun>